
*** Running vivado
    with args -log miz_sys_HDMI_FPGA_ML_0_0.vds -m64 -product Vivado -mode batch -messageDb vivado.pb -notrace -source miz_sys_HDMI_FPGA_ML_0_0.tcl


****** Vivado v2018.3 (64-bit)
  **** SW Build 2405991 on Thu Dec  6 23:38:27 MST 2018
  **** IP Build 2404404 on Fri Dec  7 01:43:56 MST 2018
    ** Copyright 1986-2018 Xilinx, Inc. All Rights Reserved.

source miz_sys_HDMI_FPGA_ML_0_0.tcl -notrace
INFO: [IP_Flow 19-234] Refreshing IP repositories
INFO: [IP_Flow 19-1700] Loaded user IP repository 'c:/Users/Dj/Desktop/vivado/user_src'.
INFO: [IP_Flow 19-2313] Loaded Vivado IP repository 'C:/Xilinx/Vivado/2018.3/data/ip'.
Command: synth_design -top miz_sys_HDMI_FPGA_ML_0_0 -part xc7z010clg400-1 -mode out_of_context
Starting synth_design
Attempting to get a license for feature 'Synthesis' and/or device 'xc7z010'
INFO: [Common 17-349] Got license for feature 'Synthesis' and/or device 'xc7z010'
INFO: Launching helper process for spawning children vivado processes
INFO: Helper process launched with PID 13536 
---------------------------------------------------------------------------------
Starting RTL Elaboration : Time (s): cpu = 00:00:04 ; elapsed = 00:00:04 . Memory (MB): peak = 384.473 ; gain = 101.105
---------------------------------------------------------------------------------
INFO: [Synth 8-638] synthesizing module 'miz_sys_HDMI_FPGA_ML_0_0' [c:/Users/Dj/Desktop/vivado/miz_sys.srcs/sources_1/bd/miz_sys/ip/miz_sys_HDMI_FPGA_ML_0_0/synth/miz_sys_HDMI_FPGA_ML_0_0.vhd:77]
INFO: [Synth 8-3491] module 'HDMI_FPGA_ML' declared at 'c:/Users/Dj/Desktop/vivado/miz_sys.srcs/sources_1/bd/miz_sys/ipshared/2094/hdmi_tx.vhd:67' bound to instance 'U0' of component 'HDMI_FPGA_ML' [c:/Users/Dj/Desktop/vivado/miz_sys.srcs/sources_1/bd/miz_sys/ip/miz_sys_HDMI_FPGA_ML_0_0/synth/miz_sys_HDMI_FPGA_ML_0_0.vhd:115]
INFO: [Synth 8-638] synthesizing module 'HDMI_FPGA_ML' [c:/Users/Dj/Desktop/vivado/miz_sys.srcs/sources_1/bd/miz_sys/ipshared/2094/hdmi_tx.vhd:96]
	Parameter FAMILY bound to: artix7 - type: string 
INFO: [Synth 8-3491] module 'DVITransmitter' declared at 'c:/Users/Dj/Desktop/vivado/miz_sys.srcs/sources_1/bd/miz_sys/ipshared/2094/DVITransmitter.vhd:65' bound to instance 'Inst_DVITransmitter' of component 'DVITransmitter' [c:/Users/Dj/Desktop/vivado/miz_sys.srcs/sources_1/bd/miz_sys/ipshared/2094/hdmi_tx.vhd:128]
INFO: [Synth 8-638] synthesizing module 'DVITransmitter' [c:/Users/Dj/Desktop/vivado/miz_sys.srcs/sources_1/bd/miz_sys/ipshared/2094/DVITransmitter.vhd:87]
	Parameter FAMILY bound to: artix7 - type: string 
INFO: [Synth 8-3491] module 'TMDSEncoder' declared at 'c:/Users/Dj/Desktop/vivado/miz_sys.srcs/sources_1/bd/miz_sys/ipshared/2094/TMDSEncoder.vhd:60' bound to instance 'Inst_TMDSEncoder_red' of component 'TMDSEncoder' [c:/Users/Dj/Desktop/vivado/miz_sys.srcs/sources_1/bd/miz_sys/ipshared/2094/DVITransmitter.vhd:266]
INFO: [Synth 8-638] synthesizing module 'TMDSEncoder' [c:/Users/Dj/Desktop/vivado/miz_sys.srcs/sources_1/bd/miz_sys/ipshared/2094/TMDSEncoder.vhd:70]
INFO: [Synth 8-256] done synthesizing module 'TMDSEncoder' (1#1) [c:/Users/Dj/Desktop/vivado/miz_sys.srcs/sources_1/bd/miz_sys/ipshared/2094/TMDSEncoder.vhd:70]
INFO: [Synth 8-3491] module 'TMDSEncoder' declared at 'c:/Users/Dj/Desktop/vivado/miz_sys.srcs/sources_1/bd/miz_sys/ipshared/2094/TMDSEncoder.vhd:60' bound to instance 'Inst_TMDSEncoder_green' of component 'TMDSEncoder' [c:/Users/Dj/Desktop/vivado/miz_sys.srcs/sources_1/bd/miz_sys/ipshared/2094/DVITransmitter.vhd:275]
INFO: [Synth 8-3491] module 'TMDSEncoder' declared at 'c:/Users/Dj/Desktop/vivado/miz_sys.srcs/sources_1/bd/miz_sys/ipshared/2094/TMDSEncoder.vhd:60' bound to instance 'Inst_TMDSEncoder_blue' of component 'TMDSEncoder' [c:/Users/Dj/Desktop/vivado/miz_sys.srcs/sources_1/bd/miz_sys/ipshared/2094/DVITransmitter.vhd:284]
	Parameter N bound to: 10 - type: integer 
	Parameter FAMILY bound to: artix7 - type: string 
INFO: [Synth 8-3491] module 'SerializerN_1' declared at 'c:/Users/Dj/Desktop/vivado/miz_sys.srcs/sources_1/bd/miz_sys/ipshared/2094/SerializerN_1.vhd:63' bound to instance 'Inst_clk_serializer_10_1' of component 'SerializerN_1' [c:/Users/Dj/Desktop/vivado/miz_sys.srcs/sources_1/bd/miz_sys/ipshared/2094/DVITransmitter.vhd:300]
INFO: [Synth 8-638] synthesizing module 'SerializerN_1' [c:/Users/Dj/Desktop/vivado/miz_sys.srcs/sources_1/bd/miz_sys/ipshared/2094/SerializerN_1.vhd:76]
	Parameter N bound to: 10 - type: integer 
	Parameter FAMILY bound to: artix7 - type: string 
	Parameter CAPACITANCE bound to: DONT_CARE - type: string 
	Parameter IOSTANDARD bound to: DEFAULT - type: string 
	Parameter SLEW bound to: SLOW - type: string 
INFO: [Synth 8-113] binding component instance 'io_datax_out' to cell 'OBUFDS' [c:/Users/Dj/Desktop/vivado/miz_sys.srcs/sources_1/bd/miz_sys/ipshared/2094/SerializerN_1.vhd:89]
	Parameter DATA_RATE_OQ bound to: DDR - type: string 
	Parameter DATA_RATE_TQ bound to: SDR - type: string 
	Parameter DATA_WIDTH bound to: 10 - type: integer 
	Parameter INIT_OQ bound to: 1'b0 
	Parameter INIT_TQ bound to: 1'b0 
	Parameter IS_CLKDIV_INVERTED bound to: 1'b0 
	Parameter IS_CLK_INVERTED bound to: 1'b0 
	Parameter IS_D1_INVERTED bound to: 1'b0 
	Parameter IS_D2_INVERTED bound to: 1'b0 
	Parameter IS_D3_INVERTED bound to: 1'b0 
	Parameter IS_D4_INVERTED bound to: 1'b0 
	Parameter IS_D5_INVERTED bound to: 1'b0 
	Parameter IS_D6_INVERTED bound to: 1'b0 
	Parameter IS_D7_INVERTED bound to: 1'b0 
	Parameter IS_D8_INVERTED bound to: 1'b0 
	Parameter IS_T1_INVERTED bound to: 1'b0 
	Parameter IS_T2_INVERTED bound to: 1'b0 
	Parameter IS_T3_INVERTED bound to: 1'b0 
	Parameter IS_T4_INVERTED bound to: 1'b0 
	Parameter SERDES_MODE bound to: MASTER - type: string 
	Parameter SRVAL_OQ bound to: 1'b0 
	Parameter SRVAL_TQ bound to: 1'b0 
	Parameter TBYTE_CTL bound to: FALSE - type: string 
	Parameter TBYTE_SRC bound to: FALSE - type: string 
	Parameter TRISTATE_WIDTH bound to: 1 - type: integer 
INFO: [Synth 8-113] binding component instance 'oserdese2_master' to cell 'OSERDESE2' [c:/Users/Dj/Desktop/vivado/miz_sys.srcs/sources_1/bd/miz_sys/ipshared/2094/SerializerN_1.vhd:223]
	Parameter DATA_RATE_OQ bound to: DDR - type: string 
	Parameter DATA_RATE_TQ bound to: SDR - type: string 
	Parameter DATA_WIDTH bound to: 10 - type: integer 
	Parameter INIT_OQ bound to: 1'b0 
	Parameter INIT_TQ bound to: 1'b0 
	Parameter IS_CLKDIV_INVERTED bound to: 1'b0 
	Parameter IS_CLK_INVERTED bound to: 1'b0 
	Parameter IS_D1_INVERTED bound to: 1'b0 
	Parameter IS_D2_INVERTED bound to: 1'b0 
	Parameter IS_D3_INVERTED bound to: 1'b0 
	Parameter IS_D4_INVERTED bound to: 1'b0 
	Parameter IS_D5_INVERTED bound to: 1'b0 
	Parameter IS_D6_INVERTED bound to: 1'b0 
	Parameter IS_D7_INVERTED bound to: 1'b0 
	Parameter IS_D8_INVERTED bound to: 1'b0 
	Parameter IS_T1_INVERTED bound to: 1'b0 
	Parameter IS_T2_INVERTED bound to: 1'b0 
	Parameter IS_T3_INVERTED bound to: 1'b0 
	Parameter IS_T4_INVERTED bound to: 1'b0 
	Parameter SERDES_MODE bound to: SLAVE - type: string 
	Parameter SRVAL_OQ bound to: 1'b0 
	Parameter SRVAL_TQ bound to: 1'b0 
	Parameter TBYTE_CTL bound to: FALSE - type: string 
	Parameter TBYTE_SRC bound to: FALSE - type: string 
	Parameter TRISTATE_WIDTH bound to: 1 - type: integer 
INFO: [Synth 8-113] binding component instance 'oserdese2_slave' to cell 'OSERDESE2' [c:/Users/Dj/Desktop/vivado/miz_sys.srcs/sources_1/bd/miz_sys/ipshared/2094/SerializerN_1.vhd:260]
INFO: [Synth 8-256] done synthesizing module 'SerializerN_1' (2#1) [c:/Users/Dj/Desktop/vivado/miz_sys.srcs/sources_1/bd/miz_sys/ipshared/2094/SerializerN_1.vhd:76]
	Parameter N bound to: 10 - type: integer 
	Parameter FAMILY bound to: artix7 - type: string 
INFO: [Synth 8-3491] module 'SerializerN_1' declared at 'c:/Users/Dj/Desktop/vivado/miz_sys.srcs/sources_1/bd/miz_sys/ipshared/2094/SerializerN_1.vhd:63' bound to instance 'Inst_d2_serializer_10_1' of component 'SerializerN_1' [c:/Users/Dj/Desktop/vivado/miz_sys.srcs/sources_1/bd/miz_sys/ipshared/2094/DVITransmitter.vhd:311]
	Parameter N bound to: 10 - type: integer 
	Parameter FAMILY bound to: artix7 - type: string 
INFO: [Synth 8-3491] module 'SerializerN_1' declared at 'c:/Users/Dj/Desktop/vivado/miz_sys.srcs/sources_1/bd/miz_sys/ipshared/2094/SerializerN_1.vhd:63' bound to instance 'Inst_d1_serializer_10_1' of component 'SerializerN_1' [c:/Users/Dj/Desktop/vivado/miz_sys.srcs/sources_1/bd/miz_sys/ipshared/2094/DVITransmitter.vhd:322]
	Parameter N bound to: 10 - type: integer 
	Parameter FAMILY bound to: artix7 - type: string 
INFO: [Synth 8-3491] module 'SerializerN_1' declared at 'c:/Users/Dj/Desktop/vivado/miz_sys.srcs/sources_1/bd/miz_sys/ipshared/2094/SerializerN_1.vhd:63' bound to instance 'Inst_d0_serializer_10_1' of component 'SerializerN_1' [c:/Users/Dj/Desktop/vivado/miz_sys.srcs/sources_1/bd/miz_sys/ipshared/2094/DVITransmitter.vhd:333]
WARNING: [Synth 8-3848] Net PClk_x2 in module/entity DVITransmitter does not have driver. [c:/Users/Dj/Desktop/vivado/miz_sys.srcs/sources_1/bd/miz_sys/ipshared/2094/DVITransmitter.vhd:98]
WARNING: [Synth 8-3848] Net SerStb in module/entity DVITransmitter does not have driver. [c:/Users/Dj/Desktop/vivado/miz_sys.srcs/sources_1/bd/miz_sys/ipshared/2094/DVITransmitter.vhd:98]
INFO: [Synth 8-256] done synthesizing module 'DVITransmitter' (3#1) [c:/Users/Dj/Desktop/vivado/miz_sys.srcs/sources_1/bd/miz_sys/ipshared/2094/DVITransmitter.vhd:87]
INFO: [Synth 8-256] done synthesizing module 'HDMI_FPGA_ML' (4#1) [c:/Users/Dj/Desktop/vivado/miz_sys.srcs/sources_1/bd/miz_sys/ipshared/2094/hdmi_tx.vhd:96]
INFO: [Synth 8-256] done synthesizing module 'miz_sys_HDMI_FPGA_ML_0_0' (5#1) [c:/Users/Dj/Desktop/vivado/miz_sys.srcs/sources_1/bd/miz_sys/ip/miz_sys_HDMI_FPGA_ML_0_0/synth/miz_sys_HDMI_FPGA_ML_0_0.vhd:77]
WARNING: [Synth 8-3331] design SerializerN_1 has unconnected port CLKDIV_X2_I
WARNING: [Synth 8-3331] design SerializerN_1 has unconnected port SERSTB_I
WARNING: [Synth 8-3331] design TMDSEncoder has unconnected port RST_I
---------------------------------------------------------------------------------
Finished RTL Elaboration : Time (s): cpu = 00:00:05 ; elapsed = 00:00:07 . Memory (MB): peak = 441.246 ; gain = 157.879
---------------------------------------------------------------------------------

Report Check Netlist: 
+------+------------------+-------+---------+-------+------------------+
|      |Item              |Errors |Warnings |Status |Description       |
+------+------------------+-------+---------+-------+------------------+
|1     |multi_driven_nets |      0|        0|Passed |Multi driven nets |
+------+------------------+-------+---------+-------+------------------+
---------------------------------------------------------------------------------
Start Handling Custom Attributes
---------------------------------------------------------------------------------
---------------------------------------------------------------------------------
Finished Handling Custom Attributes : Time (s): cpu = 00:00:05 ; elapsed = 00:00:07 . Memory (MB): peak = 441.246 ; gain = 157.879
---------------------------------------------------------------------------------
---------------------------------------------------------------------------------
Finished RTL Optimization Phase 1 : Time (s): cpu = 00:00:05 ; elapsed = 00:00:07 . Memory (MB): peak = 441.246 ; gain = 157.879
---------------------------------------------------------------------------------
INFO: [Netlist 29-17] Analyzing 4 Unisim elements for replacement
INFO: [Netlist 29-28] Unisim Transformation completed in 0 CPU seconds
INFO: [Device 21-403] Loading part xc7z010clg400-1
INFO: [Project 1-570] Preparing netlist for logic optimization

Processing XDC Constraints
Initializing timing engine
Completed Processing XDC Constraints

Netlist sorting complete. Time (s): cpu = 00:00:00 ; elapsed = 00:00:00.001 . Memory (MB): peak = 755.441 ; gain = 0.000
INFO: [Project 1-111] Unisim Transformation Summary:
  A total of 4 instances were transformed.
  OBUFDS => OBUFDS_DUAL_BUF (INV, OBUFDS, OBUFDS): 4 instances

Netlist sorting complete. Time (s): cpu = 00:00:00 ; elapsed = 00:00:00 . Memory (MB): peak = 755.441 ; gain = 0.000
WARNING: [Constraints 18-5210] No constraints selected for write.
Resolution: This message can indicate that there are no constraints for the design, or it can indicate that the used_in flags are set such that the constraints are ignored. This later case is used when running synth_design to not write synthesis constraints to the resulting checkpoint. Instead, project constraints are read when the synthesized design is opened.
Constraint Validation Runtime : Time (s): cpu = 00:00:00 ; elapsed = 00:00:00.100 . Memory (MB): peak = 758.254 ; gain = 2.813
---------------------------------------------------------------------------------
Finished Constraint Validation : Time (s): cpu = 00:00:17 ; elapsed = 00:00:21 . Memory (MB): peak = 758.254 ; gain = 474.887
---------------------------------------------------------------------------------
---------------------------------------------------------------------------------
Start Loading Part and Timing Information
---------------------------------------------------------------------------------
Loading part: xc7z010clg400-1
---------------------------------------------------------------------------------
Finished Loading Part and Timing Information : Time (s): cpu = 00:00:17 ; elapsed = 00:00:21 . Memory (MB): peak = 758.254 ; gain = 474.887
---------------------------------------------------------------------------------
---------------------------------------------------------------------------------
Start Applying 'set_property' XDC Constraints
---------------------------------------------------------------------------------
---------------------------------------------------------------------------------
Finished applying 'set_property' XDC Constraints : Time (s): cpu = 00:00:17 ; elapsed = 00:00:21 . Memory (MB): peak = 758.254 ; gain = 474.887
---------------------------------------------------------------------------------
INFO: [Synth 8-5544] ROM "control_token" won't be mapped to Block RAM because address size (1) smaller than threshold (5)
---------------------------------------------------------------------------------
Finished RTL Optimization Phase 2 : Time (s): cpu = 00:00:17 ; elapsed = 00:00:21 . Memory (MB): peak = 758.254 ; gain = 474.887
---------------------------------------------------------------------------------

Report RTL Partitions: 
+-+--------------+------------+----------+
| |RTL Partition |Replication |Instances |
+-+--------------+------------+----------+
+-+--------------+------------+----------+
---------------------------------------------------------------------------------
Start RTL Component Statistics 
---------------------------------------------------------------------------------
Detailed RTL Component Info : 
+---Adders : 
	   8 Input      5 Bit       Adders := 6     
	   2 Input      5 Bit       Adders := 6     
	   3 Input      5 Bit       Adders := 9     
	   4 Input      5 Bit       Adders := 3     
+---XORs : 
	   2 Input      1 Bit         XORs := 42    
+---Registers : 
	               10 Bit    Registers := 3     
	                9 Bit    Registers := 3     
	                8 Bit    Registers := 3     
	                5 Bit    Registers := 12    
	                1 Bit    Registers := 22    
+---Muxes : 
	   4 Input     10 Bit        Muxes := 3     
	   2 Input      9 Bit        Muxes := 3     
	   2 Input      5 Bit        Muxes := 9     
---------------------------------------------------------------------------------
Finished RTL Component Statistics 
---------------------------------------------------------------------------------
---------------------------------------------------------------------------------
Start RTL Hierarchical Component Statistics 
---------------------------------------------------------------------------------
Hierarchical RTL Component report 
Module TMDSEncoder 
Detailed RTL Component Info : 
+---Adders : 
	   8 Input      5 Bit       Adders := 2     
	   2 Input      5 Bit       Adders := 2     
	   3 Input      5 Bit       Adders := 3     
	   4 Input      5 Bit       Adders := 1     
+---XORs : 
	   2 Input      1 Bit         XORs := 14    
+---Registers : 
	               10 Bit    Registers := 1     
	                9 Bit    Registers := 1     
	                8 Bit    Registers := 1     
	                5 Bit    Registers := 4     
	                1 Bit    Registers := 6     
+---Muxes : 
	   4 Input     10 Bit        Muxes := 1     
	   2 Input      9 Bit        Muxes := 1     
	   2 Input      5 Bit        Muxes := 3     
Module SerializerN_1 
Detailed RTL Component Info : 
+---Registers : 
	                1 Bit    Registers := 1     
---------------------------------------------------------------------------------
Finished RTL Hierarchical Component Statistics
---------------------------------------------------------------------------------
---------------------------------------------------------------------------------
Start Part Resource Summary
---------------------------------------------------------------------------------
Part Resources:
DSPs: 80 (col length:40)
BRAMs: 120 (col length: RAMB18 40 RAMB36 20)
---------------------------------------------------------------------------------
Finished Part Resource Summary
---------------------------------------------------------------------------------
---------------------------------------------------------------------------------
Start Cross Boundary and Area Optimization
---------------------------------------------------------------------------------
Warning: Parallel synthesis criteria is not met 
INFO: [Synth 8-4471] merging register 'U0/Inst_DVITransmitter/Inst_TMDSEncoder_red/c1_d_reg' into 'U0/Inst_DVITransmitter/Inst_TMDSEncoder_red/c0_d_reg' [c:/Users/Dj/Desktop/vivado/miz_sys.srcs/sources_1/bd/miz_sys/ipshared/2094/TMDSEncoder.vhd:92]
INFO: [Synth 8-4471] merging register 'U0/Inst_DVITransmitter/Inst_TMDSEncoder_red/c1_dd_reg' into 'U0/Inst_DVITransmitter/Inst_TMDSEncoder_red/c0_dd_reg' [c:/Users/Dj/Desktop/vivado/miz_sys.srcs/sources_1/bd/miz_sys/ipshared/2094/TMDSEncoder.vhd:125]
INFO: [Synth 8-4471] merging register 'U0/Inst_DVITransmitter/Inst_TMDSEncoder_green/c0_d_reg' into 'U0/Inst_DVITransmitter/Inst_TMDSEncoder_red/c0_d_reg' [c:/Users/Dj/Desktop/vivado/miz_sys.srcs/sources_1/bd/miz_sys/ipshared/2094/TMDSEncoder.vhd:91]
INFO: [Synth 8-4471] merging register 'U0/Inst_DVITransmitter/Inst_TMDSEncoder_green/c0_dd_reg' into 'U0/Inst_DVITransmitter/Inst_TMDSEncoder_red/c0_dd_reg' [c:/Users/Dj/Desktop/vivado/miz_sys.srcs/sources_1/bd/miz_sys/ipshared/2094/TMDSEncoder.vhd:124]
INFO: [Synth 8-4471] merging register 'U0/Inst_DVITransmitter/Inst_TMDSEncoder_green/c1_d_reg' into 'U0/Inst_DVITransmitter/Inst_TMDSEncoder_red/c0_d_reg' [c:/Users/Dj/Desktop/vivado/miz_sys.srcs/sources_1/bd/miz_sys/ipshared/2094/TMDSEncoder.vhd:92]
INFO: [Synth 8-4471] merging register 'U0/Inst_DVITransmitter/Inst_TMDSEncoder_green/c1_dd_reg' into 'U0/Inst_DVITransmitter/Inst_TMDSEncoder_red/c0_dd_reg' [c:/Users/Dj/Desktop/vivado/miz_sys.srcs/sources_1/bd/miz_sys/ipshared/2094/TMDSEncoder.vhd:125]
INFO: [Synth 8-4471] merging register 'U0/Inst_DVITransmitter/Inst_TMDSEncoder_green/de_d_reg' into 'U0/Inst_DVITransmitter/Inst_TMDSEncoder_red/de_d_reg' [c:/Users/Dj/Desktop/vivado/miz_sys.srcs/sources_1/bd/miz_sys/ipshared/2094/TMDSEncoder.vhd:87]
INFO: [Synth 8-4471] merging register 'U0/Inst_DVITransmitter/Inst_TMDSEncoder_green/de_dd_reg' into 'U0/Inst_DVITransmitter/Inst_TMDSEncoder_red/de_dd_reg' [c:/Users/Dj/Desktop/vivado/miz_sys.srcs/sources_1/bd/miz_sys/ipshared/2094/TMDSEncoder.vhd:126]
INFO: [Synth 8-4471] merging register 'U0/Inst_DVITransmitter/Inst_TMDSEncoder_blue/de_d_reg' into 'U0/Inst_DVITransmitter/Inst_TMDSEncoder_red/de_d_reg' [c:/Users/Dj/Desktop/vivado/miz_sys.srcs/sources_1/bd/miz_sys/ipshared/2094/TMDSEncoder.vhd:87]
INFO: [Synth 8-4471] merging register 'U0/Inst_DVITransmitter/Inst_TMDSEncoder_blue/de_dd_reg' into 'U0/Inst_DVITransmitter/Inst_TMDSEncoder_red/de_dd_reg' [c:/Users/Dj/Desktop/vivado/miz_sys.srcs/sources_1/bd/miz_sys/ipshared/2094/TMDSEncoder.vhd:126]
INFO: [Synth 8-4471] merging register 'U0/Inst_DVITransmitter/Inst_d2_serializer_10_1/family_7.int_rst_reg' into 'U0/Inst_DVITransmitter/Inst_clk_serializer_10_1/family_7.int_rst_reg' [c:/Users/Dj/Desktop/vivado/miz_sys.srcs/sources_1/bd/miz_sys/ipshared/2094/SerializerN_1.vhd:212]
INFO: [Synth 8-4471] merging register 'U0/Inst_DVITransmitter/Inst_d1_serializer_10_1/family_7.int_rst_reg' into 'U0/Inst_DVITransmitter/Inst_clk_serializer_10_1/family_7.int_rst_reg' [c:/Users/Dj/Desktop/vivado/miz_sys.srcs/sources_1/bd/miz_sys/ipshared/2094/SerializerN_1.vhd:212]
INFO: [Synth 8-4471] merging register 'U0/Inst_DVITransmitter/Inst_d0_serializer_10_1/family_7.int_rst_reg' into 'U0/Inst_DVITransmitter/Inst_clk_serializer_10_1/family_7.int_rst_reg' [c:/Users/Dj/Desktop/vivado/miz_sys.srcs/sources_1/bd/miz_sys/ipshared/2094/SerializerN_1.vhd:212]
INFO: [Synth 8-3333] propagating constant 0 across sequential element (\U0/Inst_DVITransmitter/Inst_TMDSEncoder_red/c0_d_reg )
INFO: [Synth 8-3886] merging instance 'U0/Inst_DVITransmitter/Inst_TMDSEncoder_blue/n0_q_m_reg[0]' (FD) to 'U0/Inst_DVITransmitter/Inst_TMDSEncoder_blue/n1_q_m_reg[0]'
INFO: [Synth 8-3886] merging instance 'U0/Inst_DVITransmitter/Inst_TMDSEncoder_green/n0_q_m_reg[0]' (FD) to 'U0/Inst_DVITransmitter/Inst_TMDSEncoder_green/n1_q_m_reg[0]'
INFO: [Synth 8-3886] merging instance 'U0/Inst_DVITransmitter/Inst_TMDSEncoder_red/n0_q_m_reg[0]' (FD) to 'U0/Inst_DVITransmitter/Inst_TMDSEncoder_red/n1_q_m_reg[0]'
INFO: [Synth 8-3886] merging instance 'U0/Inst_DVITransmitter/Inst_TMDSEncoder_red/c0_dd_reg' (FD) to 'U0/Inst_DVITransmitter/Inst_TMDSEncoder_red/c0_d_reg'
INFO: [Synth 8-3333] propagating constant 0 across sequential element (\U0/Inst_DVITransmitter/Inst_TMDSEncoder_red/c0_d_reg )
INFO: [Synth 8-3886] merging instance 'U0/Inst_DVITransmitter/Inst_TMDSEncoder_blue/n0_q_m_reg[4]' (FD) to 'U0/Inst_DVITransmitter/Inst_TMDSEncoder_green/n0_q_m_reg[4]'
INFO: [Synth 8-3886] merging instance 'U0/Inst_DVITransmitter/Inst_TMDSEncoder_green/n0_q_m_reg[4]' (FD) to 'U0/Inst_DVITransmitter/Inst_TMDSEncoder_red/n0_q_m_reg[4]'
INFO: [Synth 8-3333] propagating constant 0 across sequential element (\U0/Inst_DVITransmitter/Inst_TMDSEncoder_red/n0_q_m_reg[4] )
---------------------------------------------------------------------------------
Finished Cross Boundary and Area Optimization : Time (s): cpu = 00:00:22 ; elapsed = 00:00:26 . Memory (MB): peak = 758.254 ; gain = 474.887
---------------------------------------------------------------------------------

Report RTL Partitions: 
+-+--------------+------------+----------+
| |RTL Partition |Replication |Instances |
+-+--------------+------------+----------+
+-+--------------+------------+----------+
---------------------------------------------------------------------------------
Start Applying XDC Timing Constraints
---------------------------------------------------------------------------------
---------------------------------------------------------------------------------
Finished Applying XDC Timing Constraints : Time (s): cpu = 00:00:35 ; elapsed = 00:00:41 . Memory (MB): peak = 764.746 ; gain = 481.379
---------------------------------------------------------------------------------
---------------------------------------------------------------------------------
Start Timing Optimization
---------------------------------------------------------------------------------
---------------------------------------------------------------------------------
Finished Timing Optimization : Time (s): cpu = 00:00:35 ; elapsed = 00:00:41 . Memory (MB): peak = 765.043 ; gain = 481.676
---------------------------------------------------------------------------------

Report RTL Partitions: 
+-+--------------+------------+----------+
| |RTL Partition |Replication |Instances |
+-+--------------+------------+----------+
+-+--------------+------------+----------+
---------------------------------------------------------------------------------
Start Technology Mapping
---------------------------------------------------------------------------------
---------------------------------------------------------------------------------
Finished Technology Mapping : Time (s): cpu = 00:00:35 ; elapsed = 00:00:41 . Memory (MB): peak = 792.879 ; gain = 509.512
---------------------------------------------------------------------------------

Report RTL Partitions: 
+-+--------------+------------+----------+
| |RTL Partition |Replication |Instances |
+-+--------------+------------+----------+
+-+--------------+------------+----------+
---------------------------------------------------------------------------------
Start IO Insertion
---------------------------------------------------------------------------------
---------------------------------------------------------------------------------
Start Flattening Before IO Insertion
---------------------------------------------------------------------------------
---------------------------------------------------------------------------------
Finished Flattening Before IO Insertion
---------------------------------------------------------------------------------
---------------------------------------------------------------------------------
Start Final Netlist Cleanup
---------------------------------------------------------------------------------
---------------------------------------------------------------------------------
Finished Final Netlist Cleanup
---------------------------------------------------------------------------------
---------------------------------------------------------------------------------
Finished IO Insertion : Time (s): cpu = 00:00:37 ; elapsed = 00:00:43 . Memory (MB): peak = 792.879 ; gain = 509.512
---------------------------------------------------------------------------------

Report Check Netlist: 
+------+------------------+-------+---------+-------+------------------+
|      |Item              |Errors |Warnings |Status |Description       |
+------+------------------+-------+---------+-------+------------------+
|1     |multi_driven_nets |      0|        0|Passed |Multi driven nets |
+------+------------------+-------+---------+-------+------------------+
---------------------------------------------------------------------------------
Start Renaming Generated Instances
---------------------------------------------------------------------------------
---------------------------------------------------------------------------------
Finished Renaming Generated Instances : Time (s): cpu = 00:00:37 ; elapsed = 00:00:43 . Memory (MB): peak = 792.879 ; gain = 509.512
---------------------------------------------------------------------------------

Report RTL Partitions: 
+-+--------------+------------+----------+
| |RTL Partition |Replication |Instances |
+-+--------------+------------+----------+
+-+--------------+------------+----------+
---------------------------------------------------------------------------------
Start Rebuilding User Hierarchy
---------------------------------------------------------------------------------
---------------------------------------------------------------------------------
Finished Rebuilding User Hierarchy : Time (s): cpu = 00:00:37 ; elapsed = 00:00:43 . Memory (MB): peak = 792.879 ; gain = 509.512
---------------------------------------------------------------------------------
---------------------------------------------------------------------------------
Start Renaming Generated Ports
---------------------------------------------------------------------------------
---------------------------------------------------------------------------------
Finished Renaming Generated Ports : Time (s): cpu = 00:00:37 ; elapsed = 00:00:43 . Memory (MB): peak = 792.879 ; gain = 509.512
---------------------------------------------------------------------------------
---------------------------------------------------------------------------------
Start Handling Custom Attributes
---------------------------------------------------------------------------------
---------------------------------------------------------------------------------
Finished Handling Custom Attributes : Time (s): cpu = 00:00:37 ; elapsed = 00:00:43 . Memory (MB): peak = 792.879 ; gain = 509.512
---------------------------------------------------------------------------------
---------------------------------------------------------------------------------
Start Renaming Generated Nets
---------------------------------------------------------------------------------
---------------------------------------------------------------------------------
Finished Renaming Generated Nets : Time (s): cpu = 00:00:37 ; elapsed = 00:00:43 . Memory (MB): peak = 792.879 ; gain = 509.512
---------------------------------------------------------------------------------
---------------------------------------------------------------------------------
Start Writing Synthesis Report
---------------------------------------------------------------------------------

Report BlackBoxes: 
+-+--------------+----------+
| |BlackBox name |Instances |
+-+--------------+----------+
+-+--------------+----------+

Report Cell Usage: 
+------+------------+------+
|      |Cell        |Count |
+------+------------+------+
|1     |LUT1        |     1|
|2     |LUT2        |     9|
|3     |LUT3        |    40|
|4     |LUT4        |    28|
|5     |LUT5        |    44|
|6     |LUT6        |    82|
|7     |OSERDESE2   |     4|
|8     |OSERDESE2_1 |     4|
|9     |FDPE        |     1|
|10    |FDRE        |   114|
|11    |FDSE        |    15|
|12    |OBUFDS      |     4|
+------+------------+------+

Report Instance Areas: 
+------+-------------------------------+----------------+------+
|      |Instance                       |Module          |Cells |
+------+-------------------------------+----------------+------+
|1     |top                            |                |   346|
|2     |  U0                           |HDMI_FPGA_ML    |   346|
|3     |    Inst_DVITransmitter        |DVITransmitter  |   346|
|4     |      Inst_TMDSEncoder_blue    |TMDSEncoder     |   112|
|5     |      Inst_TMDSEncoder_green   |TMDSEncoder_0   |   110|
|6     |      Inst_TMDSEncoder_red     |TMDSEncoder_1   |   110|
|7     |      Inst_clk_serializer_10_1 |SerializerN_1   |     5|
|8     |      Inst_d0_serializer_10_1  |SerializerN_1_2 |     3|
|9     |      Inst_d1_serializer_10_1  |SerializerN_1_3 |     3|
|10    |      Inst_d2_serializer_10_1  |SerializerN_1_4 |     3|
+------+-------------------------------+----------------+------+
---------------------------------------------------------------------------------
Finished Writing Synthesis Report : Time (s): cpu = 00:00:37 ; elapsed = 00:00:43 . Memory (MB): peak = 792.879 ; gain = 509.512
---------------------------------------------------------------------------------
Synthesis finished with 0 errors, 0 critical warnings and 0 warnings.
Synthesis Optimization Runtime : Time (s): cpu = 00:00:24 ; elapsed = 00:00:33 . Memory (MB): peak = 792.879 ; gain = 192.504
Synthesis Optimization Complete : Time (s): cpu = 00:00:37 ; elapsed = 00:00:43 . Memory (MB): peak = 792.879 ; gain = 509.512
INFO: [Project 1-571] Translating synthesized netlist
INFO: [Netlist 29-17] Analyzing 4 Unisim elements for replacement
INFO: [Netlist 29-28] Unisim Transformation completed in 0 CPU seconds
INFO: [Project 1-570] Preparing netlist for logic optimization
INFO: [Opt 31-138] Pushed 0 inverter(s) to 0 load pin(s).
Netlist sorting complete. Time (s): cpu = 00:00:00 ; elapsed = 00:00:00 . Memory (MB): peak = 792.879 ; gain = 0.000
INFO: [Project 1-111] Unisim Transformation Summary:
  A total of 4 instances were transformed.
  OBUFDS => OBUFDS_DUAL_BUF (INV, OBUFDS, OBUFDS): 4 instances

INFO: [Common 17-83] Releasing license: Synthesis
61 Infos, 6 Warnings, 0 Critical Warnings and 0 Errors encountered.
synth_design completed successfully
synth_design: Time (s): cpu = 00:00:40 ; elapsed = 00:00:46 . Memory (MB): peak = 792.879 ; gain = 517.422
INFO: [Coretcl 2-1174] Renamed 9 cell refs.
Netlist sorting complete. Time (s): cpu = 00:00:00 ; elapsed = 00:00:00 . Memory (MB): peak = 792.879 ; gain = 0.000
WARNING: [Constraints 18-5210] No constraints selected for write.
Resolution: This message can indicate that there are no constraints for the design, or it can indicate that the used_in flags are set such that the constraints are ignored. This later case is used when running synth_design to not write synthesis constraints to the resulting checkpoint. Instead, project constraints are read when the synthesized design is opened.
INFO: [Common 17-1381] The checkpoint 'C:/Users/Dj/Desktop/vivado/miz_sys.runs/miz_sys_HDMI_FPGA_ML_0_0_synth_1/miz_sys_HDMI_FPGA_ML_0_0.dcp' has been generated.
INFO: [runtcl-4] Executing : report_utilization -file miz_sys_HDMI_FPGA_ML_0_0_utilization_synth.rpt -pb miz_sys_HDMI_FPGA_ML_0_0_utilization_synth.pb
INFO: [Common 17-206] Exiting Vivado at Fri Mar  5 17:58:55 2021...
