15:14:00 INFO  : Registering command handlers for SDK TCF services
15:14:01 INFO  : Launching XSCT server: xsct.bat -interactive F:\MZ702N\code\Board\S04\CH10_fastcorner\prj\vivado_project\fast_corners\miz_sys\miz_sys.sdk\temp_xsdb_launch_script.tcl
15:14:03 INFO  : XSCT server has started successfully.
15:14:03 INFO  : Successfully done setting XSCT server connection channel  
15:14:03 INFO  : Successfully done setting SDK workspace  
15:14:03 INFO  : Processing command line option -hwspec F:/MZ702N/code/Board/S04/CH10_fastcorner/prj/vivado_project/fast_corners/miz_sys/miz_sys.sdk/miz_sys_wrapper.hdf.
15:16:08 INFO  : Connected to target on host '127.0.0.1' and port '3121'.
15:16:08 INFO  : Jtag cable 'Digilent JTAG-HS1 210249854672' is selected.
15:16:08 INFO  : 'jtag frequency' command is executed.
15:16:08 INFO  : Sourcing of 'F:/MZ702N/code/Board/S04/CH10_fastcorner/prj/vivado_project/fast_corners/miz_sys/miz_sys.sdk/miz_sys_wrapper_hw_platform_0/ps7_init.tcl' is done.
15:16:09 INFO  : Context for 'APU' is selected.
15:16:09 INFO  : System reset is completed.
15:16:12 INFO  : 'after 3000' command is executed.
15:16:12 INFO  : 'targets -set -filter {jtag_cable_name =~ "Digilent JTAG-HS1 210249854672" && level==0} -index 1' command is executed.
15:16:15 INFO  : FPGA configured successfully with bitstream "F:/MZ702N/code/Board/S04/CH10_fastcorner/prj/vivado_project/fast_corners/miz_sys/miz_sys.sdk/miz_sys_wrapper_hw_platform_0/miz_sys_wrapper.bit"
15:16:15 INFO  : Context for 'APU' is selected.
15:16:15 INFO  : Hardware design information is loaded from 'F:/MZ702N/code/Board/S04/CH10_fastcorner/prj/vivado_project/fast_corners/miz_sys/miz_sys.sdk/miz_sys_wrapper_hw_platform_0/system.hdf'.
15:16:15 INFO  : 'configparams force-mem-access 1' command is executed.
15:16:15 INFO  : Context for 'APU' is selected.
15:16:15 INFO  : 'ps7_init' command is executed.
15:16:15 INFO  : 'ps7_post_config' command is executed.
15:16:16 INFO  : Context for processor 'ps7_cortexa9_0' is selected.
15:16:18 INFO  : The application 'F:/MZ702N/code/Board/S04/CH10_fastcorner/prj/vivado_project/fast_corners/miz_sys/miz_sys.sdk/fastcorner/Debug/fastcorner.elf' is downloaded to processor 'ps7_cortexa9_0'.
15:16:18 INFO  : 'configparams force-mem-access 0' command is executed.
15:16:18 INFO  : ----------------XSDB Script----------------
connect -url tcp:127.0.0.1:3121
source F:/MZ702N/code/Board/S04/CH10_fastcorner/prj/vivado_project/fast_corners/miz_sys/miz_sys.sdk/miz_sys_wrapper_hw_platform_0/ps7_init.tcl
targets -set -nocase -filter {name =~"APU*" && jtag_cable_name =~ "Digilent JTAG-HS1 210249854672"} -index 0
rst -system
after 3000
targets -set -filter {jtag_cable_name =~ "Digilent JTAG-HS1 210249854672" && level==0} -index 1
fpga -file F:/MZ702N/code/Board/S04/CH10_fastcorner/prj/vivado_project/fast_corners/miz_sys/miz_sys.sdk/miz_sys_wrapper_hw_platform_0/miz_sys_wrapper.bit
targets -set -nocase -filter {name =~"APU*" && jtag_cable_name =~ "Digilent JTAG-HS1 210249854672"} -index 0
loadhw -hw F:/MZ702N/code/Board/S04/CH10_fastcorner/prj/vivado_project/fast_corners/miz_sys/miz_sys.sdk/miz_sys_wrapper_hw_platform_0/system.hdf -mem-ranges [list {0x40000000 0xbfffffff}]
configparams force-mem-access 1
targets -set -nocase -filter {name =~"APU*" && jtag_cable_name =~ "Digilent JTAG-HS1 210249854672"} -index 0
ps7_init
ps7_post_config
targets -set -nocase -filter {name =~ "ARM*#0" && jtag_cable_name =~ "Digilent JTAG-HS1 210249854672"} -index 0
dow F:/MZ702N/code/Board/S04/CH10_fastcorner/prj/vivado_project/fast_corners/miz_sys/miz_sys.sdk/fastcorner/Debug/fastcorner.elf
configparams force-mem-access 0
----------------End of Script----------------

15:16:18 INFO  : Memory regions updated for context APU
15:16:18 INFO  : Context for processor 'ps7_cortexa9_0' is selected.
15:16:18 INFO  : 'con' command is executed.
15:16:18 INFO  : ----------------XSDB Script (After Launch)----------------
targets -set -nocase -filter {name =~ "ARM*#0" && jtag_cable_name =~ "Digilent JTAG-HS1 210249854672"} -index 0
con
----------------End of Script----------------

15:16:18 INFO  : Launch script is exported to file 'F:\MZ702N\code\Board\S04\CH10_fastcorner\prj\vivado_project\fast_corners\miz_sys\miz_sys.sdk\.sdk\launch_scripts\xilinx_c-c++_application_(system_debugger)\system_debugger_using_debug_fastcorner.elf_on_local.tcl'
15:16:50 INFO  : Disconnected from the channel tcfchan#1.
19:44:22 INFO  : Registering command handlers for SDK TCF services
19:44:23 INFO  : Launching XSCT server: xsct.bat -interactive F:\MZ7X2018\S04\CH10_fastcorner\prj\vivado_project\fast_corners\miz_sys\miz_sys.sdk\temp_xsdb_launch_script.tcl
19:44:25 INFO  : XSCT server has started successfully.
19:44:25 INFO  : Successfully done setting XSCT server connection channel  
19:44:25 INFO  : Successfully done setting SDK workspace  
19:44:25 INFO  : Processing command line option -hwspec F:/MZ7X2018/S04/CH10_fastcorner/prj/vivado_project/fast_corners/miz_sys/miz_sys.sdk/miz_sys_wrapper.hdf.
19:45:11 INFO  : Launching XSCT server: xsct.bat -interactive F:\MZ7X2018\S04\CH10_fastcorner\prj\vivado_project\fast_corners\miz_sys\miz_sys.sdk\temp_xsdb_launch_script.tcl
19:45:12 INFO  : XSCT server has started successfully.
19:45:12 INFO  : Successfully done setting XSCT server connection channel  
19:45:12 INFO  : Successfully done setting SDK workspace  
19:45:13 INFO  : Registering command handlers for SDK TCF services
19:45:13 INFO  : Processing command line option -hwspec F:/MZ7X2018/S04/CH10_fastcorner/prj/vivado_project/fast_corners/miz_sys/miz_sys.sdk/miz_sys_wrapper.hdf.
19:46:27 INFO  : Connected to target on host '127.0.0.1' and port '3121'.
19:46:27 INFO  : Jtag cable 'Digilent JTAG-HS1 210249854991' is selected.
19:46:27 INFO  : 'jtag frequency' command is executed.
19:46:27 INFO  : Sourcing of 'F:/MZ7X2018/S04/CH10_fastcorner/prj/vivado_project/fast_corners/miz_sys/miz_sys.sdk/miz_sys_wrapper_hw_platform_0/ps7_init.tcl' is done.
19:46:27 INFO  : Context for 'APU' is selected.
19:46:27 INFO  : System reset is completed.
19:46:30 INFO  : 'after 3000' command is executed.
19:46:31 INFO  : 'targets -set -filter {jtag_cable_name =~ "Digilent JTAG-HS1 210249854991" && level==0} -index 1' command is executed.
19:46:34 INFO  : FPGA configured successfully with bitstream "F:/MZ7X2018/S04/CH10_fastcorner/prj/vivado_project/fast_corners/miz_sys/miz_sys.sdk/miz_sys_wrapper_hw_platform_0/miz_sys_wrapper.bit"
19:46:34 INFO  : Context for 'APU' is selected.
19:46:34 INFO  : Hardware design information is loaded from 'F:/MZ7X2018/S04/CH10_fastcorner/prj/vivado_project/fast_corners/miz_sys/miz_sys.sdk/miz_sys_wrapper_hw_platform_0/system.hdf'.
19:46:34 INFO  : 'configparams force-mem-access 1' command is executed.
19:46:34 INFO  : Context for 'APU' is selected.
19:46:34 INFO  : 'ps7_init' command is executed.
19:46:34 INFO  : 'ps7_post_config' command is executed.
19:46:34 INFO  : Context for processor 'ps7_cortexa9_0' is selected.
19:46:37 INFO  : The application 'F:/MZ7X2018/S04/CH10_fastcorner/prj/vivado_project/fast_corners/miz_sys/miz_sys.sdk/fastcorner/Debug/fastcorner.elf' is downloaded to processor 'ps7_cortexa9_0'.
19:46:37 INFO  : 'configparams force-mem-access 0' command is executed.
19:46:37 INFO  : ----------------XSDB Script----------------
connect -url tcp:127.0.0.1:3121
source F:/MZ7X2018/S04/CH10_fastcorner/prj/vivado_project/fast_corners/miz_sys/miz_sys.sdk/miz_sys_wrapper_hw_platform_0/ps7_init.tcl
targets -set -nocase -filter {name =~"APU*" && jtag_cable_name =~ "Digilent JTAG-HS1 210249854991"} -index 0
rst -system
after 3000
targets -set -filter {jtag_cable_name =~ "Digilent JTAG-HS1 210249854991" && level==0} -index 1
fpga -file F:/MZ7X2018/S04/CH10_fastcorner/prj/vivado_project/fast_corners/miz_sys/miz_sys.sdk/miz_sys_wrapper_hw_platform_0/miz_sys_wrapper.bit
targets -set -nocase -filter {name =~"APU*" && jtag_cable_name =~ "Digilent JTAG-HS1 210249854991"} -index 0
loadhw -hw F:/MZ7X2018/S04/CH10_fastcorner/prj/vivado_project/fast_corners/miz_sys/miz_sys.sdk/miz_sys_wrapper_hw_platform_0/system.hdf -mem-ranges [list {0x40000000 0xbfffffff}]
configparams force-mem-access 1
targets -set -nocase -filter {name =~"APU*" && jtag_cable_name =~ "Digilent JTAG-HS1 210249854991"} -index 0
ps7_init
ps7_post_config
targets -set -nocase -filter {name =~ "ARM*#0" && jtag_cable_name =~ "Digilent JTAG-HS1 210249854991"} -index 0
dow F:/MZ7X2018/S04/CH10_fastcorner/prj/vivado_project/fast_corners/miz_sys/miz_sys.sdk/fastcorner/Debug/fastcorner.elf
configparams force-mem-access 0
----------------End of Script----------------

19:46:37 INFO  : Memory regions updated for context APU
19:46:37 INFO  : Context for processor 'ps7_cortexa9_0' is selected.
19:46:37 INFO  : 'con' command is executed.
19:46:37 INFO  : ----------------XSDB Script (After Launch)----------------
targets -set -nocase -filter {name =~ "ARM*#0" && jtag_cable_name =~ "Digilent JTAG-HS1 210249854991"} -index 0
con
----------------End of Script----------------

19:46:37 INFO  : Launch script is exported to file 'F:\MZ7X2018\S04\CH10_fastcorner\prj\vivado_project\fast_corners\miz_sys\miz_sys.sdk\.sdk\launch_scripts\xilinx_c-c++_application_(system_debugger)\system_debugger_using_debug_fastcorner.elf_on_local.tcl'
19:51:09 INFO  : Disconnected from the channel tcfchan#1.
19:51:10 INFO  : Connected to target on host '127.0.0.1' and port '3121'.
19:51:19 INFO  : ----------------XSDB Script----------------
connect -url tcp:127.0.0.1:3121
----------------End of Script----------------

19:51:42 INFO  : Connected to target on host '127.0.0.1' and port '3121'.
19:51:51 INFO  : ----------------XSDB Script----------------
connect -url tcp:127.0.0.1:3121
----------------End of Script----------------

19:52:35 INFO  : Connected to target on host '127.0.0.1' and port '3121'.
19:52:37 INFO  : Jtag cable 'Digilent JTAG-HS1 210249854991' is selected.
19:52:37 INFO  : 'jtag frequency' command is executed.
19:52:37 INFO  : Sourcing of 'F:/MZ7X2018/S04/CH10_fastcorner/prj/vivado_project/fast_corners/miz_sys/miz_sys.sdk/miz_sys_wrapper_hw_platform_0/ps7_init.tcl' is done.
19:52:37 INFO  : Context for 'APU' is selected.
19:52:37 INFO  : System reset is completed.
19:52:40 INFO  : 'after 3000' command is executed.
19:52:40 INFO  : 'targets -set -filter {jtag_cable_name =~ "Digilent JTAG-HS1 210249854991" && level==0} -index 1' command is executed.
19:52:43 INFO  : FPGA configured successfully with bitstream "F:/MZ7X2018/S04/CH10_fastcorner/prj/vivado_project/fast_corners/miz_sys/miz_sys.sdk/miz_sys_wrapper_hw_platform_0/miz_sys_wrapper.bit"
19:52:44 INFO  : Context for 'APU' is selected.
19:52:45 INFO  : Hardware design information is loaded from 'F:/MZ7X2018/S04/CH10_fastcorner/prj/vivado_project/fast_corners/miz_sys/miz_sys.sdk/miz_sys_wrapper_hw_platform_0/system.hdf'.
19:52:45 INFO  : 'configparams force-mem-access 1' command is executed.
19:52:45 INFO  : Context for 'APU' is selected.
19:52:45 INFO  : 'ps7_init' command is executed.
19:52:45 INFO  : 'ps7_post_config' command is executed.
19:52:45 INFO  : Context for processor 'ps7_cortexa9_0' is selected.
19:52:48 INFO  : The application 'F:/MZ7X2018/S04/CH10_fastcorner/prj/vivado_project/fast_corners/miz_sys/miz_sys.sdk/fastcorner/Debug/fastcorner.elf' is downloaded to processor 'ps7_cortexa9_0'.
19:52:48 INFO  : 'configparams force-mem-access 0' command is executed.
19:52:48 INFO  : ----------------XSDB Script----------------
connect -url tcp:127.0.0.1:3121
source F:/MZ7X2018/S04/CH10_fastcorner/prj/vivado_project/fast_corners/miz_sys/miz_sys.sdk/miz_sys_wrapper_hw_platform_0/ps7_init.tcl
targets -set -nocase -filter {name =~"APU*" && jtag_cable_name =~ "Digilent JTAG-HS1 210249854991"} -index 0
rst -system
after 3000
targets -set -filter {jtag_cable_name =~ "Digilent JTAG-HS1 210249854991" && level==0} -index 1
fpga -file F:/MZ7X2018/S04/CH10_fastcorner/prj/vivado_project/fast_corners/miz_sys/miz_sys.sdk/miz_sys_wrapper_hw_platform_0/miz_sys_wrapper.bit
targets -set -nocase -filter {name =~"APU*" && jtag_cable_name =~ "Digilent JTAG-HS1 210249854991"} -index 0
loadhw -hw F:/MZ7X2018/S04/CH10_fastcorner/prj/vivado_project/fast_corners/miz_sys/miz_sys.sdk/miz_sys_wrapper_hw_platform_0/system.hdf -mem-ranges [list {0x40000000 0xbfffffff}]
configparams force-mem-access 1
targets -set -nocase -filter {name =~"APU*" && jtag_cable_name =~ "Digilent JTAG-HS1 210249854991"} -index 0
ps7_init
ps7_post_config
targets -set -nocase -filter {name =~ "ARM*#0" && jtag_cable_name =~ "Digilent JTAG-HS1 210249854991"} -index 0
dow F:/MZ7X2018/S04/CH10_fastcorner/prj/vivado_project/fast_corners/miz_sys/miz_sys.sdk/fastcorner/Debug/fastcorner.elf
configparams force-mem-access 0
----------------End of Script----------------

19:52:48 INFO  : Memory regions updated for context APU
19:52:48 INFO  : Context for processor 'ps7_cortexa9_0' is selected.
19:52:48 INFO  : 'con' command is executed.
19:52:48 INFO  : ----------------XSDB Script (After Launch)----------------
targets -set -nocase -filter {name =~ "ARM*#0" && jtag_cable_name =~ "Digilent JTAG-HS1 210249854991"} -index 0
con
----------------End of Script----------------

19:52:48 INFO  : Launch script is exported to file 'F:\MZ7X2018\S04\CH10_fastcorner\prj\vivado_project\fast_corners\miz_sys\miz_sys.sdk\.sdk\launch_scripts\xilinx_c-c++_application_(system_debugger)\system_debugger_using_debug_fastcorner.elf_on_local.tcl'
19:53:38 INFO  : Disconnected from the channel tcfchan#2.
22:34:00 INFO  : Launching XSCT server: xsct.bat -interactive F:\MZ7X2018\S04_7010\CH10_fastcorner\prj\vivado_project\fast_corners\miz_sys\miz_sys.sdk\temp_xsdb_launch_script.tcl
22:34:01 INFO  : XSCT server has started successfully.
22:34:01 INFO  : Successfully done setting XSCT server connection channel  
22:34:03 INFO  : Successfully done setting SDK workspace  
22:34:04 INFO  : Registering command handlers for SDK TCF services
22:34:05 INFO  : Processing command line option -hwspec F:/MZ7X2018/S04_7010/CH10_fastcorner/prj/vivado_project/fast_corners/miz_sys/miz_sys.sdk/miz_sys_wrapper.hdf.
22:34:35 INFO  : Launching XSCT server: xsct.bat -interactive F:\MZ7X2018\S04_7010\CH10_fastcorner\prj\vivado_project\fast_corners\miz_sys\miz_sys.sdk\temp_xsdb_launch_script.tcl
22:34:36 INFO  : XSCT server has started successfully.
22:34:36 INFO  : Successfully done setting XSCT server connection channel  
22:34:37 INFO  : Successfully done setting SDK workspace  
22:34:38 INFO  : Registering command handlers for SDK TCF services
22:34:38 INFO  : Processing command line option -hwspec F:/MZ7X2018/S04_7010/CH10_fastcorner/prj/vivado_project/fast_corners/miz_sys/miz_sys.sdk/miz_sys_wrapper.hdf.
22:35:08 INFO  : Connected to target on host '127.0.0.1' and port '3121'.
22:35:08 INFO  : Jtag cable 'Digilent JTAG-HS1 210249854991' is selected.
22:35:08 INFO  : 'jtag frequency' command is executed.
22:35:08 INFO  : Sourcing of 'F:/MZ7X2018/S04_7010/CH10_fastcorner/prj/vivado_project/fast_corners/miz_sys/miz_sys.sdk/miz_sys_wrapper_hw_platform_0/ps7_init.tcl' is done.
22:35:08 INFO  : Context for 'APU' is selected.
22:35:08 INFO  : System reset is completed.
22:35:11 INFO  : 'after 3000' command is executed.
22:35:11 INFO  : 'targets -set -filter {jtag_cable_name =~ "Digilent JTAG-HS1 210249854991" && level==0} -index 1' command is executed.
22:35:13 INFO  : FPGA configured successfully with bitstream "F:/MZ7X2018/S04_7010/CH10_fastcorner/prj/vivado_project/fast_corners/miz_sys/miz_sys.sdk/miz_sys_wrapper_hw_platform_0/miz_sys_wrapper.bit"
22:35:13 INFO  : Context for 'APU' is selected.
22:35:13 INFO  : Hardware design information is loaded from 'F:/MZ7X2018/S04_7010/CH10_fastcorner/prj/vivado_project/fast_corners/miz_sys/miz_sys.sdk/miz_sys_wrapper_hw_platform_0/system.hdf'.
22:35:13 INFO  : 'configparams force-mem-access 1' command is executed.
22:35:13 INFO  : Context for 'APU' is selected.
22:35:14 INFO  : 'ps7_init' command is executed.
22:35:14 INFO  : 'ps7_post_config' command is executed.
22:35:14 INFO  : Context for processor 'ps7_cortexa9_0' is selected.
22:35:17 INFO  : The application 'F:/MZ7X2018/S04_7010/CH10_fastcorner/prj/vivado_project/fast_corners/miz_sys/miz_sys.sdk/fastcorner/Debug/fastcorner.elf' is downloaded to processor 'ps7_cortexa9_0'.
22:35:17 INFO  : 'configparams force-mem-access 0' command is executed.
22:35:17 INFO  : ----------------XSDB Script----------------
connect -url tcp:127.0.0.1:3121
source F:/MZ7X2018/S04_7010/CH10_fastcorner/prj/vivado_project/fast_corners/miz_sys/miz_sys.sdk/miz_sys_wrapper_hw_platform_0/ps7_init.tcl
targets -set -nocase -filter {name =~"APU*" && jtag_cable_name =~ "Digilent JTAG-HS1 210249854991"} -index 0
rst -system
after 3000
targets -set -filter {jtag_cable_name =~ "Digilent JTAG-HS1 210249854991" && level==0} -index 1
fpga -file F:/MZ7X2018/S04_7010/CH10_fastcorner/prj/vivado_project/fast_corners/miz_sys/miz_sys.sdk/miz_sys_wrapper_hw_platform_0/miz_sys_wrapper.bit
targets -set -nocase -filter {name =~"APU*" && jtag_cable_name =~ "Digilent JTAG-HS1 210249854991"} -index 0
loadhw -hw F:/MZ7X2018/S04_7010/CH10_fastcorner/prj/vivado_project/fast_corners/miz_sys/miz_sys.sdk/miz_sys_wrapper_hw_platform_0/system.hdf -mem-ranges [list {0x40000000 0xbfffffff}]
configparams force-mem-access 1
targets -set -nocase -filter {name =~"APU*" && jtag_cable_name =~ "Digilent JTAG-HS1 210249854991"} -index 0
ps7_init
ps7_post_config
targets -set -nocase -filter {name =~ "ARM*#0" && jtag_cable_name =~ "Digilent JTAG-HS1 210249854991"} -index 0
dow F:/MZ7X2018/S04_7010/CH10_fastcorner/prj/vivado_project/fast_corners/miz_sys/miz_sys.sdk/fastcorner/Debug/fastcorner.elf
configparams force-mem-access 0
----------------End of Script----------------

22:35:17 INFO  : Memory regions updated for context APU
22:35:17 INFO  : Context for processor 'ps7_cortexa9_0' is selected.
22:35:17 INFO  : 'con' command is executed.
22:35:17 INFO  : ----------------XSDB Script (After Launch)----------------
targets -set -nocase -filter {name =~ "ARM*#0" && jtag_cable_name =~ "Digilent JTAG-HS1 210249854991"} -index 0
con
----------------End of Script----------------

22:35:17 INFO  : Launch script is exported to file 'F:\MZ7X2018\S04_7010\CH10_fastcorner\prj\vivado_project\fast_corners\miz_sys\miz_sys.sdk\.sdk\launch_scripts\xilinx_c-c++_application_(system_debugger)\system_debugger_using_debug_fastcorner.elf_on_local.tcl'
22:35:32 INFO  : Disconnected from the channel tcfchan#1.
21:17:42 INFO  : Launching XSCT server: xsct.bat -interactive L:\REV2019\MZ7XAB\04_example_HLS_IMAGE\04_example_HLS_IMAGE\CH11_fastcorner\prj\vivado_project\fast_corners\miz_sys\miz_sys.sdk\temp_xsdb_launch_script.tcl
21:17:45 INFO  : XSCT server has started successfully.
21:17:49 INFO  : Successfully done setting XSCT server connection channel  
21:17:49 INFO  : Successfully done setting SDK workspace  
21:17:53 INFO  : Registering command handlers for SDK TCF services
21:17:56 INFO  : Processing command line option -hwspec L:/REV2019/MZ7XAB/04_example_HLS_IMAGE/04_example_HLS_IMAGE/CH11_fastcorner/prj/vivado_project/fast_corners/miz_sys/miz_sys.sdk/miz_sys_wrapper.hdf.
21:19:03 INFO  : Launching XSCT server: xsct.bat -interactive L:\REV2019\MZ7XAB\04_example_HLS_IMAGE\04_example_HLS_IMAGE\CH11_fastcorner\prj\vivado_project\fast_corners\miz_sys\miz_sys.sdk\temp_xsdb_launch_script.tcl
21:19:06 INFO  : XSCT server has started successfully.
21:19:06 INFO  : Successfully done setting XSCT server connection channel  
21:19:08 INFO  : Successfully done setting SDK workspace  
21:19:10 INFO  : Registering command handlers for SDK TCF services
21:19:10 INFO  : Processing command line option -hwspec L:/REV2019/MZ7XAB/04_example_HLS_IMAGE/04_example_HLS_IMAGE/CH11_fastcorner/prj/vivado_project/fast_corners/miz_sys/miz_sys.sdk/miz_sys_wrapper.hdf.
21:25:20 INFO  : Invoking Bootgen: bootgen -image fastcorner.bif -arch zynq -o L:\REV2019\MZ7XAB\04_example_HLS_IMAGE\04_example_HLS_IMAGE\CH11_fastcorner\prj\vivado_project\fast_corners\miz_sys\miz_sys.sdk\fastcorner\bootimage\BOOT.bin
21:25:20 INFO  : Creating new bif file L:\REV2019\MZ7XAB\04_example_HLS_IMAGE\04_example_HLS_IMAGE\CH11_fastcorner\prj\vivado_project\fast_corners\miz_sys\miz_sys.sdk\fastcorner\bootimage\fastcorner.bif
21:25:21 INFO  : Bootgen command execution is done.
21:28:00 INFO  : Connected to target on host '127.0.0.1' and port '3121'.
21:28:09 INFO  : ----------------XSDB Script----------------
connect -url tcp:127.0.0.1:3121
----------------End of Script----------------

21:28:21 INFO  : Connected to target on host '127.0.0.1' and port '3121'.
21:28:30 INFO  : ----------------XSDB Script----------------
connect -url tcp:127.0.0.1:3121
----------------End of Script----------------

21:28:41 INFO  : Connected to target on host '127.0.0.1' and port '3121'.
21:28:41 INFO  : Jtag cable 'Digilent JTAG-HS1 210249855114' is selected.
21:28:41 INFO  : 'jtag frequency' command is executed.
21:28:41 INFO  : Sourcing of 'L:/REV2019/MZ7XAB/04_example_HLS_IMAGE/04_example_HLS_IMAGE/CH11_fastcorner/prj/vivado_project/fast_corners/miz_sys/miz_sys.sdk/miz_sys_wrapper_hw_platform_0/ps7_init.tcl' is done.
21:28:41 INFO  : Context for 'APU' is selected.
21:28:41 INFO  : System reset is completed.
21:28:44 INFO  : 'after 3000' command is executed.
21:28:44 INFO  : 'targets -set -filter {jtag_cable_name =~ "Digilent JTAG-HS1 210249855114" && level==0} -index 1' command is executed.
21:28:46 INFO  : FPGA configured successfully with bitstream "L:/REV2019/MZ7XAB/04_example_HLS_IMAGE/04_example_HLS_IMAGE/CH11_fastcorner/prj/vivado_project/fast_corners/miz_sys/miz_sys.sdk/miz_sys_wrapper_hw_platform_0/miz_sys_wrapper.bit"
21:28:46 INFO  : Context for 'APU' is selected.
21:28:46 INFO  : Hardware design information is loaded from 'L:/REV2019/MZ7XAB/04_example_HLS_IMAGE/04_example_HLS_IMAGE/CH11_fastcorner/prj/vivado_project/fast_corners/miz_sys/miz_sys.sdk/miz_sys_wrapper_hw_platform_0/system.hdf'.
21:28:46 INFO  : 'configparams force-mem-access 1' command is executed.
21:28:46 INFO  : Context for 'APU' is selected.
21:28:47 INFO  : 'ps7_init' command is executed.
21:28:47 INFO  : 'ps7_post_config' command is executed.
21:28:47 INFO  : Context for processor 'ps7_cortexa9_0' is selected.
21:28:49 INFO  : The application 'L:/REV2019/MZ7XAB/04_example_HLS_IMAGE/04_example_HLS_IMAGE/CH11_fastcorner/prj/vivado_project/fast_corners/miz_sys/miz_sys.sdk/fastcorner/Debug/fastcorner.elf' is downloaded to processor 'ps7_cortexa9_0'.
21:28:49 INFO  : 'configparams force-mem-access 0' command is executed.
21:28:49 INFO  : ----------------XSDB Script----------------
connect -url tcp:127.0.0.1:3121
source L:/REV2019/MZ7XAB/04_example_HLS_IMAGE/04_example_HLS_IMAGE/CH11_fastcorner/prj/vivado_project/fast_corners/miz_sys/miz_sys.sdk/miz_sys_wrapper_hw_platform_0/ps7_init.tcl
targets -set -nocase -filter {name =~"APU*" && jtag_cable_name =~ "Digilent JTAG-HS1 210249855114"} -index 0
rst -system
after 3000
targets -set -filter {jtag_cable_name =~ "Digilent JTAG-HS1 210249855114" && level==0} -index 1
fpga -file L:/REV2019/MZ7XAB/04_example_HLS_IMAGE/04_example_HLS_IMAGE/CH11_fastcorner/prj/vivado_project/fast_corners/miz_sys/miz_sys.sdk/miz_sys_wrapper_hw_platform_0/miz_sys_wrapper.bit
targets -set -nocase -filter {name =~"APU*" && jtag_cable_name =~ "Digilent JTAG-HS1 210249855114"} -index 0
loadhw -hw L:/REV2019/MZ7XAB/04_example_HLS_IMAGE/04_example_HLS_IMAGE/CH11_fastcorner/prj/vivado_project/fast_corners/miz_sys/miz_sys.sdk/miz_sys_wrapper_hw_platform_0/system.hdf -mem-ranges [list {0x40000000 0xbfffffff}]
configparams force-mem-access 1
targets -set -nocase -filter {name =~"APU*" && jtag_cable_name =~ "Digilent JTAG-HS1 210249855114"} -index 0
ps7_init
ps7_post_config
targets -set -nocase -filter {name =~ "ARM*#0" && jtag_cable_name =~ "Digilent JTAG-HS1 210249855114"} -index 0
dow L:/REV2019/MZ7XAB/04_example_HLS_IMAGE/04_example_HLS_IMAGE/CH11_fastcorner/prj/vivado_project/fast_corners/miz_sys/miz_sys.sdk/fastcorner/Debug/fastcorner.elf
configparams force-mem-access 0
----------------End of Script----------------

21:28:50 INFO  : Memory regions updated for context APU
21:28:50 INFO  : Context for processor 'ps7_cortexa9_0' is selected.
21:28:50 INFO  : 'con' command is executed.
21:28:50 INFO  : ----------------XSDB Script (After Launch)----------------
targets -set -nocase -filter {name =~ "ARM*#0" && jtag_cable_name =~ "Digilent JTAG-HS1 210249855114"} -index 0
con
----------------End of Script----------------

21:28:50 INFO  : Launch script is exported to file 'L:\REV2019\MZ7XAB\04_example_HLS_IMAGE\04_example_HLS_IMAGE\CH11_fastcorner\prj\vivado_project\fast_corners\miz_sys\miz_sys.sdk\.sdk\launch_scripts\xilinx_c-c++_application_(system_debugger)\system_debugger_using_debug_fastcorner.elf_on_local.tcl'
21:29:04 INFO  : Disconnected from the channel tcfchan#1.
21:58:07 INFO  : Registering command handlers for SDK TCF services
21:58:07 INFO  : Launching XSCT server: xsct.bat -interactive L:\REV2019\MZ7XAB\04_example_HLS_IMAGE\04_example_HLS_IMAGE\CH11_fastcorner\prj\vivado_project\fast_corners\miz_sys\miz_sys.sdk\temp_xsdb_launch_script.tcl
21:58:10 INFO  : XSCT server has started successfully.
21:58:12 INFO  : Successfully done setting XSCT server connection channel  
21:58:12 INFO  : Processing command line option -hwspec L:/REV2019/MZ7XAB/04_example_HLS_IMAGE/04_example_HLS_IMAGE/CH11_fastcorner/prj/vivado_project/fast_corners/miz_sys/miz_sys.sdk/miz_sys_wrapper.hdf.
21:58:12 INFO  : Successfully done setting SDK workspace  
21:58:12 INFO  : Checking for hwspec changes in the project miz_sys_wrapper_hw_platform_0.
21:58:15 INFO  : SDK has detected change in the last modified timestamps for source hardware specification file Source:1558878980424,  Project:1558876632115
21:58:15 INFO  : The hardware specification for project 'miz_sys_wrapper_hw_platform_0' is different from L:/REV2019/MZ7XAB/04_example_HLS_IMAGE/04_example_HLS_IMAGE/CH11_fastcorner/prj/vivado_project/fast_corners/miz_sys/miz_sys.sdk/miz_sys_wrapper.hdf.
21:58:15 INFO  : Copied contents of L:/REV2019/MZ7XAB/04_example_HLS_IMAGE/04_example_HLS_IMAGE/CH11_fastcorner/prj/vivado_project/fast_corners/miz_sys/miz_sys.sdk/miz_sys_wrapper.hdf into \miz_sys_wrapper_hw_platform_0\system.hdf.
21:58:36 INFO  : Synchronizing projects in the workspace with the hardware platform specification changes.
21:58:41 INFO  : 
21:58:46 INFO  : 
21:58:47 INFO  : Updating hardware inferred compiler options for fastcorner.
21:58:47 INFO  : Updating hardware inferred compiler options for fsbl.
21:58:47 INFO  : Clearing existing target manager status.
21:58:47 WARN  : Given IPC port value is invalid. Using default port 2350
21:58:47 WARN  : Given XMD timeout value is invalid. Using default value of 50000
21:58:49 WARN  : Given XMD transaction timeout value is invalid. Using default value of 60000 milli seconds
21:59:43 INFO  : Invoking Bootgen: bootgen -image fastcorner.bif -arch zynq -o L:\REV2019\MZ7XAB\04_example_HLS_IMAGE\04_example_HLS_IMAGE\CH11_fastcorner\prj\vivado_project\fast_corners\miz_sys\miz_sys.sdk\fastcorner\bootimage\BOOT.bin
21:59:43 INFO  : Creating new bif file L:\REV2019\MZ7XAB\04_example_HLS_IMAGE\04_example_HLS_IMAGE\CH11_fastcorner\prj\vivado_project\fast_corners\miz_sys\miz_sys.sdk\fastcorner\bootimage\fastcorner.bif
21:59:45 INFO  : Bootgen command execution is done.
22:02:03 INFO  : Invoking Bootgen: bootgen -image fastcorner.bif -arch zynq -o L:\REV2019\MZ7XAB\04_example_HLS_IMAGE\04_example_HLS_IMAGE\CH11_fastcorner\prj\vivado_project\fast_corners\miz_sys\miz_sys.sdk\fastcorner\bootimage\BOOT.bin
22:02:03 INFO  : Creating new bif file L:\REV2019\MZ7XAB\04_example_HLS_IMAGE\04_example_HLS_IMAGE\CH11_fastcorner\prj\vivado_project\fast_corners\miz_sys\miz_sys.sdk\fastcorner\bootimage\fastcorner.bif
22:02:05 INFO  : Bootgen command execution is done.
22:03:26 ERROR : Unexpected error while parsing XMD response ?: com.google.gson.JsonSyntaxException: com.google.gson.stream.MalformedJsonException: invalid number or unquoted string near 
18:14:05 INFO  : Registering command handlers for SDK TCF services
18:14:05 INFO  : Launching XSCT server: xsct.bat -interactive C:\Users\Dj\Desktop\vivado\miz_sys.sdk\temp_xsdb_launch_script.tcl
18:14:10 INFO  : XSCT server has started successfully.
18:14:10 INFO  : Successfully done setting XSCT server connection channel  
18:14:14 INFO  : Processing command line option -hwspec C:/Users/Dj/Desktop/vivado/miz_sys.sdk/miz_sys_wrapper.hdf.
18:14:14 INFO  : Successfully done setting SDK workspace  
18:16:06 INFO  : Launching XSCT server: xsct.bat -interactive C:\Users\Dj\Desktop\vivado\miz_sys.sdk\temp_xsdb_launch_script.tcl
18:16:08 INFO  : XSCT server has started successfully.
18:16:08 INFO  : Successfully done setting XSCT server connection channel  
18:16:08 INFO  : Successfully done setting SDK workspace  
18:16:09 INFO  : Registering command handlers for SDK TCF services
18:16:09 INFO  : Processing command line option -hwspec C:/Users/Dj/Desktop/vivado/miz_sys.sdk/miz_sys_wrapper.hdf.
