#-----------------------------------------------------------
# Vivado v2016.4 (64-bit)
# SW Build 1733598 on Wed Dec 14 22:35:39 MST 2016
# IP Build 1731160 on Wed Dec 14 23:47:21 MST 2016
# Start of session at: Tue Dec 26 15:32:24 2017
# Process ID: 10780
# Current directory: F:/MZ7X/MZ702/s5/S05_CH11_fastcorner/vivado_project/fast_corners/miz_sys
# Command line: vivado.exe -gui_launcher_event rodinguilauncherevent5760 F:\MZ7X\MZ702\s5\S05_CH11_fastcorner\vivado_project\fast_corners\miz_sys\miz_sys.xpr
# Log file: F:/MZ7X/MZ702/s5/S05_CH11_fastcorner/vivado_project/fast_corners/miz_sys/vivado.log
# Journal file: F:/MZ7X/MZ702/s5/S05_CH11_fastcorner/vivado_project/fast_corners/miz_sys\vivado.jou
#-----------------------------------------------------------
start_gui
open_project F:/MZ7X/MZ702/s5/S05_CH11_fastcorner/vivado_project/fast_corners/miz_sys/miz_sys.xpr
INFO: [Project 1-313] Project file moved from 'F:/MZ7X/MZ702/s5/S05_CH11_fastcorner/prj/fast_corners/miz_sys' since last save.
Scanning sources...
Finished scanning sources
WARNING: [filemgmt 56-2] IP Repository Path: Could not find the directory 'F:/MZ7X/MZ702/s5/S05_CH11_fastcorner/vivado_project/fast_corners/Miz_ip_lib', nor could it be found using path 'F:/MZ7X/MZ702/s5/S05_CH11_fastcorner/prj/fast_corners/Miz_ip_lib'.
INFO: [IP_Flow 19-234] Refreshing IP repositories
WARNING: [IP_Flow 19-2248] Failed to load user IP repository 'f:/MZ7X/MZ702/s5/S05_CH11_fastcorner/vivado_project/fast_corners/Miz_ip_lib'; Can't find the specified path.
If this directory should no longer be in your list of user repositories, go to the IP Settings dialog and remove it.
INFO: [IP_Flow 19-2313] Loaded Vivado IP repository 'D:/Xilinx/Vivado/2016.4/data/ip'.
WARNING: [BD 41-1661] One or more IPs have been locked in the design 'miz_sys.bd'. Please run report_ip_status for more details and recommendations on how to fix this issue.
List of locked IPs:
miz_sys_HDMI_FPGA_ML_0_0
miz_sys_hls_fast_corner_0_0

open_project: Time (s): cpu = 00:00:12 ; elapsed = 00:00:08 . Memory (MB): peak = 917.469 ; gain = 214.211
set_property  ip_repo_paths  {} [current_project]
update_ip_catalog
INFO: [IP_Flow 19-234] Refreshing IP repositories
INFO: [IP_Flow 19-1704] No user IP repositories specified
set_property  ip_repo_paths  F:/MZ7X/MZ702/s5/S05_CH11_fastcorner/vivado_project/DOC/Miz_ip_lib [current_project]
update_ip_catalog
INFO: [IP_Flow 19-234] Refreshing IP repositories
INFO: [IP_Flow 19-1700] Loaded user IP repository 'f:/MZ7X/MZ702/s5/S05_CH11_fastcorner/vivado_project/DOC/Miz_ip_lib'.
exit
INFO: [Common 17-206] Exiting Vivado at Tue Dec 26 15:33:14 2017...
